{"C:\\Users\\angel\\OneDrive\\Desktop\\PROJCOSC4353Editable\\backend\\controllers\\orderController.js": {"path":"C:\\Users\\angel\\OneDrive\\Desktop\\PROJCOSC4353Editable\\backend\\controllers\\orderController.js","statementMap":{"0":{"start":{"line":7,"column":22},"end":{"line":38,"column":2}},"1":{"start":{"line":16,"column":6},"end":{"line":16,"column":14}},"2":{"start":{"line":18,"column":2},"end":{"line":37,"column":3}},"3":{"start":{"line":19,"column":4},"end":{"line":19,"column":19}},"4":{"start":{"line":20,"column":4},"end":{"line":20,"column":37}},"5":{"start":{"line":21,"column":4},"end":{"line":21,"column":10}},"6":{"start":{"line":23,"column":18},"end":{"line":32,"column":6}},"7":{"start":{"line":34,"column":25},"end":{"line":34,"column":43}},"8":{"start":{"line":36,"column":4},"end":{"line":36,"column":38}},"9":{"start":{"line":43,"column":21},"end":{"line":55,"column":2}},"10":{"start":{"line":44,"column":16},"end":{"line":47,"column":3}},"11":{"start":{"line":49,"column":2},"end":{"line":54,"column":3}},"12":{"start":{"line":50,"column":4},"end":{"line":50,"column":19}},"13":{"start":{"line":52,"column":4},"end":{"line":52,"column":19}},"14":{"start":{"line":53,"column":4},"end":{"line":53,"column":38}},"15":{"start":{"line":60,"column":26},"end":{"line":80,"column":2}},"16":{"start":{"line":61,"column":16},"end":{"line":61,"column":51}},"17":{"start":{"line":63,"column":2},"end":{"line":79,"column":3}},"18":{"start":{"line":64,"column":4},"end":{"line":64,"column":23}},"19":{"start":{"line":65,"column":4},"end":{"line":65,"column":29}},"20":{"start":{"line":66,"column":4},"end":{"line":71,"column":5}},"21":{"start":{"line":73,"column":25},"end":{"line":73,"column":43}},"22":{"start":{"line":75,"column":4},"end":{"line":75,"column":26}},"23":{"start":{"line":77,"column":4},"end":{"line":77,"column":19}},"24":{"start":{"line":78,"column":4},"end":{"line":78,"column":38}},"25":{"start":{"line":85,"column":31},"end":{"line":99,"column":2}},"26":{"start":{"line":86,"column":16},"end":{"line":86,"column":51}},"27":{"start":{"line":88,"column":2},"end":{"line":98,"column":3}},"28":{"start":{"line":89,"column":4},"end":{"line":89,"column":28}},"29":{"start":{"line":90,"column":4},"end":{"line":90,"column":34}},"30":{"start":{"line":92,"column":25},"end":{"line":92,"column":43}},"31":{"start":{"line":94,"column":4},"end":{"line":94,"column":26}},"32":{"start":{"line":96,"column":4},"end":{"line":96,"column":19}},"33":{"start":{"line":97,"column":4},"end":{"line":97,"column":38}},"34":{"start":{"line":104,"column":20},"end":{"line":107,"column":2}},"35":{"start":{"line":105,"column":17},"end":{"line":105,"column":57}},"36":{"start":{"line":106,"column":2},"end":{"line":106,"column":18}},"37":{"start":{"line":112,"column":18},"end":{"line":115,"column":2}},"38":{"start":{"line":113,"column":17},"end":{"line":113,"column":65}},"39":{"start":{"line":114,"column":2},"end":{"line":114,"column":18}}},"fnMap":{"0":{"name":"(anonymous_0)","decl":{"start":{"line":7,"column":35},"end":{"line":7,"column":36}},"loc":{"start":{"line":7,"column":55},"end":{"line":38,"column":1}},"line":7},"1":{"name":"(anonymous_1)","decl":{"start":{"line":43,"column":34},"end":{"line":43,"column":35}},"loc":{"start":{"line":43,"column":54},"end":{"line":55,"column":1}},"line":43},"2":{"name":"(anonymous_2)","decl":{"start":{"line":60,"column":39},"end":{"line":60,"column":40}},"loc":{"start":{"line":60,"column":59},"end":{"line":80,"column":1}},"line":60},"3":{"name":"(anonymous_3)","decl":{"start":{"line":85,"column":44},"end":{"line":85,"column":45}},"loc":{"start":{"line":85,"column":64},"end":{"line":99,"column":1}},"line":85},"4":{"name":"(anonymous_4)","decl":{"start":{"line":104,"column":33},"end":{"line":104,"column":34}},"loc":{"start":{"line":104,"column":53},"end":{"line":107,"column":1}},"line":104},"5":{"name":"(anonymous_5)","decl":{"start":{"line":112,"column":31},"end":{"line":112,"column":32}},"loc":{"start":{"line":112,"column":51},"end":{"line":115,"column":1}},"line":112}},"branchMap":{"0":{"loc":{"start":{"line":18,"column":2},"end":{"line":37,"column":3}},"type":"if","locations":[{"start":{"line":18,"column":2},"end":{"line":37,"column":3}},{"start":{"line":18,"column":2},"end":{"line":37,"column":3}}],"line":18},"1":{"loc":{"start":{"line":18,"column":6},"end":{"line":18,"column":43}},"type":"binary-expr","locations":[{"start":{"line":18,"column":6},"end":{"line":18,"column":16}},{"start":{"line":18,"column":20},"end":{"line":18,"column":43}}],"line":18},"2":{"loc":{"start":{"line":49,"column":2},"end":{"line":54,"column":3}},"type":"if","locations":[{"start":{"line":49,"column":2},"end":{"line":54,"column":3}},{"start":{"line":49,"column":2},"end":{"line":54,"column":3}}],"line":49},"3":{"loc":{"start":{"line":63,"column":2},"end":{"line":79,"column":3}},"type":"if","locations":[{"start":{"line":63,"column":2},"end":{"line":79,"column":3}},{"start":{"line":63,"column":2},"end":{"line":79,"column":3}}],"line":63},"4":{"loc":{"start":{"line":88,"column":2},"end":{"line":98,"column":3}},"type":"if","locations":[{"start":{"line":88,"column":2},"end":{"line":98,"column":3}},{"start":{"line":88,"column":2},"end":{"line":98,"column":3}}],"line":88}},"s":{"0":1,"1":0,"2":0,"3":0,"4":0,"5":0,"6":0,"7":0,"8":0,"9":1,"10":0,"11":0,"12":0,"13":0,"14":0,"15":1,"16":0,"17":0,"18":0,"19":0,"20":0,"21":0,"22":0,"23":0,"24":0,"25":1,"26":0,"27":0,"28":0,"29":0,"30":0,"31":0,"32":0,"33":0,"34":1,"35":0,"36":0,"37":1,"38":0,"39":0},"f":{"0":0,"1":0,"2":0,"3":0,"4":0,"5":0},"b":{"0":[0,0],"1":[0,0],"2":[0,0],"3":[0,0],"4":[0,0]},"_coverageSchema":"1a1c01bbd47fc00a2c39e90264f33305004495a9","hash":"30fe4f6df248f6edb483cf2b36411e0b45f68a28"}
,"C:\\Users\\angel\\OneDrive\\Desktop\\PROJCOSC4353Editable\\backend\\controllers\\productController.js": {"path":"C:\\Users\\angel\\OneDrive\\Desktop\\PROJCOSC4353Editable\\backend\\controllers\\productController.js","statementMap":{"0":{"start":{"line":7,"column":20},"end":{"line":26,"column":2}},"1":{"start":{"line":8,"column":19},"end":{"line":8,"column":21}},"2":{"start":{"line":9,"column":15},"end":{"line":9,"column":48}},"3":{"start":{"line":11,"column":18},"end":{"line":18,"column":8}},"4":{"start":{"line":20,"column":16},"end":{"line":20,"column":60}},"5":{"start":{"line":21,"column":19},"end":{"line":23,"column":32}},"6":{"start":{"line":25,"column":2},"end":{"line":25,"column":66}},"7":{"start":{"line":31,"column":23},"end":{"line":40,"column":2}},"8":{"start":{"line":32,"column":18},"end":{"line":32,"column":55}},"9":{"start":{"line":34,"column":2},"end":{"line":39,"column":3}},"10":{"start":{"line":35,"column":4},"end":{"line":35,"column":21}},"11":{"start":{"line":37,"column":4},"end":{"line":37,"column":19}},"12":{"start":{"line":38,"column":4},"end":{"line":38,"column":40}},"13":{"start":{"line":45,"column":22},"end":{"line":55,"column":2}},"14":{"start":{"line":46,"column":18},"end":{"line":46,"column":55}},"15":{"start":{"line":48,"column":2},"end":{"line":54,"column":3}},"16":{"start":{"line":49,"column":4},"end":{"line":49,"column":26}},"17":{"start":{"line":50,"column":4},"end":{"line":50,"column":44}},"18":{"start":{"line":52,"column":4},"end":{"line":52,"column":19}},"19":{"start":{"line":53,"column":4},"end":{"line":53,"column":40}},"20":{"start":{"line":60,"column":22},"end":{"line":75,"column":2}},"21":{"start":{"line":61,"column":18},"end":{"line":71,"column":4}},"22":{"start":{"line":73,"column":25},"end":{"line":73,"column":45}},"23":{"start":{"line":74,"column":2},"end":{"line":74,"column":38}},"24":{"start":{"line":80,"column":22},"end":{"line":108,"column":2}},"25":{"start":{"line":89,"column":6},"end":{"line":89,"column":14}},"26":{"start":{"line":91,"column":18},"end":{"line":91,"column":55}},"27":{"start":{"line":93,"column":2},"end":{"line":107,"column":3}},"28":{"start":{"line":94,"column":4},"end":{"line":94,"column":23}},"29":{"start":{"line":95,"column":4},"end":{"line":95,"column":25}},"30":{"start":{"line":96,"column":4},"end":{"line":96,"column":37}},"31":{"start":{"line":97,"column":4},"end":{"line":97,"column":25}},"32":{"start":{"line":98,"column":4},"end":{"line":98,"column":25}},"33":{"start":{"line":99,"column":4},"end":{"line":99,"column":31}},"34":{"start":{"line":100,"column":4},"end":{"line":100,"column":39}},"35":{"start":{"line":102,"column":27},"end":{"line":102,"column":47}},"36":{"start":{"line":103,"column":4},"end":{"line":103,"column":28}},"37":{"start":{"line":105,"column":4},"end":{"line":105,"column":19}},"38":{"start":{"line":106,"column":4},"end":{"line":106,"column":40}},"39":{"start":{"line":113,"column":28},"end":{"line":149,"column":2}},"40":{"start":{"line":114,"column":30},"end":{"line":114,"column":38}},"41":{"start":{"line":116,"column":18},"end":{"line":116,"column":55}},"42":{"start":{"line":118,"column":2},"end":{"line":148,"column":3}},"43":{"start":{"line":119,"column":28},"end":{"line":121,"column":5}},"44":{"start":{"line":120,"column":13},"end":{"line":120,"column":58}},"45":{"start":{"line":123,"column":4},"end":{"line":126,"column":5}},"46":{"start":{"line":124,"column":6},"end":{"line":124,"column":21}},"47":{"start":{"line":125,"column":6},"end":{"line":125,"column":49}},"48":{"start":{"line":128,"column":19},"end":{"line":133,"column":5}},"49":{"start":{"line":135,"column":4},"end":{"line":135,"column":32}},"50":{"start":{"line":137,"column":4},"end":{"line":137,"column":47}},"51":{"start":{"line":139,"column":4},"end":{"line":141,"column":28}},"52":{"start":{"line":140,"column":44},"end":{"line":140,"column":61}},"53":{"start":{"line":143,"column":4},"end":{"line":143,"column":24}},"54":{"start":{"line":144,"column":4},"end":{"line":144,"column":53}},"55":{"start":{"line":146,"column":4},"end":{"line":146,"column":19}},"56":{"start":{"line":147,"column":4},"end":{"line":147,"column":40}},"57":{"start":{"line":154,"column":23},"end":{"line":158,"column":2}},"58":{"start":{"line":155,"column":19},"end":{"line":155,"column":71}},"59":{"start":{"line":157,"column":2},"end":{"line":157,"column":20}}},"fnMap":{"0":{"name":"(anonymous_0)","decl":{"start":{"line":7,"column":33},"end":{"line":7,"column":34}},"loc":{"start":{"line":7,"column":53},"end":{"line":26,"column":1}},"line":7},"1":{"name":"(anonymous_1)","decl":{"start":{"line":31,"column":36},"end":{"line":31,"column":37}},"loc":{"start":{"line":31,"column":56},"end":{"line":40,"column":1}},"line":31},"2":{"name":"(anonymous_2)","decl":{"start":{"line":45,"column":35},"end":{"line":45,"column":36}},"loc":{"start":{"line":45,"column":55},"end":{"line":55,"column":1}},"line":45},"3":{"name":"(anonymous_3)","decl":{"start":{"line":60,"column":35},"end":{"line":60,"column":36}},"loc":{"start":{"line":60,"column":55},"end":{"line":75,"column":1}},"line":60},"4":{"name":"(anonymous_4)","decl":{"start":{"line":80,"column":35},"end":{"line":80,"column":36}},"loc":{"start":{"line":80,"column":55},"end":{"line":108,"column":1}},"line":80},"5":{"name":"(anonymous_5)","decl":{"start":{"line":113,"column":41},"end":{"line":113,"column":42}},"loc":{"start":{"line":113,"column":61},"end":{"line":149,"column":1}},"line":113},"6":{"name":"(anonymous_6)","decl":{"start":{"line":120,"column":6},"end":{"line":120,"column":7}},"loc":{"start":{"line":120,"column":13},"end":{"line":120,"column":58}},"line":120},"7":{"name":"(anonymous_7)","decl":{"start":{"line":140,"column":29},"end":{"line":140,"column":30}},"loc":{"start":{"line":140,"column":44},"end":{"line":140,"column":61}},"line":140},"8":{"name":"(anonymous_8)","decl":{"start":{"line":154,"column":36},"end":{"line":154,"column":37}},"loc":{"start":{"line":154,"column":56},"end":{"line":158,"column":1}},"line":154}},"branchMap":{"0":{"loc":{"start":{"line":9,"column":15},"end":{"line":9,"column":48}},"type":"binary-expr","locations":[{"start":{"line":9,"column":15},"end":{"line":9,"column":43}},{"start":{"line":9,"column":47},"end":{"line":9,"column":48}}],"line":9},"1":{"loc":{"start":{"line":11,"column":18},"end":{"line":18,"column":8}},"type":"cond-expr","locations":[{"start":{"line":12,"column":6},"end":{"line":17,"column":7}},{"start":{"line":18,"column":6},"end":{"line":18,"column":8}}],"line":11},"2":{"loc":{"start":{"line":34,"column":2},"end":{"line":39,"column":3}},"type":"if","locations":[{"start":{"line":34,"column":2},"end":{"line":39,"column":3}},{"start":{"line":34,"column":2},"end":{"line":39,"column":3}}],"line":34},"3":{"loc":{"start":{"line":48,"column":2},"end":{"line":54,"column":3}},"type":"if","locations":[{"start":{"line":48,"column":2},"end":{"line":54,"column":3}},{"start":{"line":48,"column":2},"end":{"line":54,"column":3}}],"line":48},"4":{"loc":{"start":{"line":93,"column":2},"end":{"line":107,"column":3}},"type":"if","locations":[{"start":{"line":93,"column":2},"end":{"line":107,"column":3}},{"start":{"line":93,"column":2},"end":{"line":107,"column":3}}],"line":93},"5":{"loc":{"start":{"line":118,"column":2},"end":{"line":148,"column":3}},"type":"if","locations":[{"start":{"line":118,"column":2},"end":{"line":148,"column":3}},{"start":{"line":118,"column":2},"end":{"line":148,"column":3}}],"line":118},"6":{"loc":{"start":{"line":123,"column":4},"end":{"line":126,"column":5}},"type":"if","locations":[{"start":{"line":123,"column":4},"end":{"line":126,"column":5}},{"start":{"line":123,"column":4},"end":{"line":126,"column":5}}],"line":123}},"s":{"0":1,"1":0,"2":0,"3":0,"4":0,"5":0,"6":0,"7":1,"8":0,"9":0,"10":0,"11":0,"12":0,"13":1,"14":0,"15":0,"16":0,"17":0,"18":0,"19":0,"20":1,"21":0,"22":0,"23":0,"24":1,"25":0,"26":0,"27":0,"28":0,"29":0,"30":0,"31":0,"32":0,"33":0,"34":0,"35":0,"36":0,"37":0,"38":0,"39":1,"40":0,"41":0,"42":0,"43":0,"44":0,"45":0,"46":0,"47":0,"48":0,"49":0,"50":0,"51":0,"52":0,"53":0,"54":0,"55":0,"56":0,"57":1,"58":0,"59":0},"f":{"0":0,"1":0,"2":0,"3":0,"4":0,"5":0,"6":0,"7":0,"8":0},"b":{"0":[0,0],"1":[0,0],"2":[0,0],"3":[0,0],"4":[0,0],"5":[0,0],"6":[0,0]},"_coverageSchema":"1a1c01bbd47fc00a2c39e90264f33305004495a9","hash":"2078c1142a6be960fc77c02a8fb457aed9a677d1"}
,"C:\\Users\\angel\\OneDrive\\Desktop\\PROJCOSC4353Editable\\backend\\controllers\\userController.js": {"path":"C:\\Users\\angel\\OneDrive\\Desktop\\PROJCOSC4353Editable\\backend\\controllers\\userController.js","statementMap":{"0":{"start":{"line":10,"column":17},"end":{"line":27,"column":2}},"1":{"start":{"line":11,"column":30},"end":{"line":11,"column":38}},"2":{"start":{"line":13,"column":15},"end":{"line":13,"column":44}},"3":{"start":{"line":15,"column":2},"end":{"line":26,"column":3}},"4":{"start":{"line":16,"column":4},"end":{"line":22,"column":6}},"5":{"start":{"line":24,"column":4},"end":{"line":24,"column":19}},"6":{"start":{"line":25,"column":4},"end":{"line":25,"column":48}},"7":{"start":{"line":32,"column":21},"end":{"line":62,"column":2}},"8":{"start":{"line":33,"column":53},"end":{"line":33,"column":61}},"9":{"start":{"line":35,"column":21},"end":{"line":35,"column":50}},"10":{"start":{"line":37,"column":2},"end":{"line":40,"column":3}},"11":{"start":{"line":38,"column":4},"end":{"line":38,"column":19}},"12":{"start":{"line":39,"column":4},"end":{"line":39,"column":42}},"13":{"start":{"line":42,"column":15},"end":{"line":48,"column":4}},"14":{"start":{"line":50,"column":2},"end":{"line":61,"column":3}},"15":{"start":{"line":51,"column":4},"end":{"line":57,"column":6}},"16":{"start":{"line":59,"column":4},"end":{"line":59,"column":19}},"17":{"start":{"line":60,"column":4},"end":{"line":60,"column":40}},"18":{"start":{"line":67,"column":23},"end":{"line":83,"column":2}},"19":{"start":{"line":68,"column":15},"end":{"line":68,"column":48}},"20":{"start":{"line":70,"column":2},"end":{"line":82,"column":3}},"21":{"start":{"line":71,"column":4},"end":{"line":78,"column":6}},"22":{"start":{"line":80,"column":4},"end":{"line":80,"column":19}},"23":{"start":{"line":81,"column":4},"end":{"line":81,"column":37}},"24":{"start":{"line":88,"column":26},"end":{"line":111,"column":2}},"25":{"start":{"line":89,"column":15},"end":{"line":89,"column":48}},"26":{"start":{"line":91,"column":2},"end":{"line":110,"column":3}},"27":{"start":{"line":92,"column":4},"end":{"line":92,"column":42}},"28":{"start":{"line":93,"column":4},"end":{"line":93,"column":45}},"29":{"start":{"line":94,"column":4},"end":{"line":96,"column":5}},"30":{"start":{"line":95,"column":6},"end":{"line":95,"column":39}},"31":{"start":{"line":98,"column":24},"end":{"line":98,"column":41}},"32":{"start":{"line":100,"column":4},"end":{"line":106,"column":6}},"33":{"start":{"line":108,"column":4},"end":{"line":108,"column":19}},"34":{"start":{"line":109,"column":4},"end":{"line":109,"column":37}},"35":{"start":{"line":116,"column":17},"end":{"line":119,"column":2}},"36":{"start":{"line":117,"column":16},"end":{"line":117,"column":35}},"37":{"start":{"line":118,"column":2},"end":{"line":118,"column":17}},"38":{"start":{"line":124,"column":19},"end":{"line":134,"column":2}},"39":{"start":{"line":125,"column":15},"end":{"line":125,"column":49}},"40":{"start":{"line":127,"column":2},"end":{"line":133,"column":3}},"41":{"start":{"line":128,"column":4},"end":{"line":128,"column":23}},"42":{"start":{"line":129,"column":4},"end":{"line":129,"column":41}},"43":{"start":{"line":131,"column":4},"end":{"line":131,"column":19}},"44":{"start":{"line":132,"column":4},"end":{"line":132,"column":37}},"45":{"start":{"line":139,"column":20},"end":{"line":148,"column":2}},"46":{"start":{"line":140,"column":15},"end":{"line":140,"column":69}},"47":{"start":{"line":142,"column":2},"end":{"line":147,"column":3}},"48":{"start":{"line":143,"column":4},"end":{"line":143,"column":18}},"49":{"start":{"line":145,"column":4},"end":{"line":145,"column":19}},"50":{"start":{"line":146,"column":4},"end":{"line":146,"column":37}},"51":{"start":{"line":153,"column":19},"end":{"line":173,"column":2}},"52":{"start":{"line":154,"column":15},"end":{"line":154,"column":49}},"53":{"start":{"line":156,"column":2},"end":{"line":172,"column":3}},"54":{"start":{"line":157,"column":4},"end":{"line":157,"column":42}},"55":{"start":{"line":158,"column":4},"end":{"line":158,"column":45}},"56":{"start":{"line":161,"column":24},"end":{"line":161,"column":41}},"57":{"start":{"line":163,"column":4},"end":{"line":168,"column":6}},"58":{"start":{"line":170,"column":4},"end":{"line":170,"column":19}},"59":{"start":{"line":171,"column":4},"end":{"line":171,"column":37}}},"fnMap":{"0":{"name":"(anonymous_0)","decl":{"start":{"line":10,"column":30},"end":{"line":10,"column":31}},"loc":{"start":{"line":10,"column":50},"end":{"line":27,"column":1}},"line":10},"1":{"name":"(anonymous_1)","decl":{"start":{"line":32,"column":34},"end":{"line":32,"column":35}},"loc":{"start":{"line":32,"column":54},"end":{"line":62,"column":1}},"line":32},"2":{"name":"(anonymous_2)","decl":{"start":{"line":67,"column":36},"end":{"line":67,"column":37}},"loc":{"start":{"line":67,"column":56},"end":{"line":83,"column":1}},"line":67},"3":{"name":"(anonymous_3)","decl":{"start":{"line":88,"column":39},"end":{"line":88,"column":40}},"loc":{"start":{"line":88,"column":59},"end":{"line":111,"column":1}},"line":88},"4":{"name":"(anonymous_4)","decl":{"start":{"line":116,"column":30},"end":{"line":116,"column":31}},"loc":{"start":{"line":116,"column":50},"end":{"line":119,"column":1}},"line":116},"5":{"name":"(anonymous_5)","decl":{"start":{"line":124,"column":32},"end":{"line":124,"column":33}},"loc":{"start":{"line":124,"column":52},"end":{"line":134,"column":1}},"line":124},"6":{"name":"(anonymous_6)","decl":{"start":{"line":139,"column":33},"end":{"line":139,"column":34}},"loc":{"start":{"line":139,"column":53},"end":{"line":148,"column":1}},"line":139},"7":{"name":"(anonymous_7)","decl":{"start":{"line":153,"column":32},"end":{"line":153,"column":33}},"loc":{"start":{"line":153,"column":52},"end":{"line":173,"column":1}},"line":153}},"branchMap":{"0":{"loc":{"start":{"line":15,"column":2},"end":{"line":26,"column":3}},"type":"if","locations":[{"start":{"line":15,"column":2},"end":{"line":26,"column":3}},{"start":{"line":15,"column":2},"end":{"line":26,"column":3}}],"line":15},"1":{"loc":{"start":{"line":15,"column":6},"end":{"line":15,"column":50}},"type":"binary-expr","locations":[{"start":{"line":15,"column":6},"end":{"line":15,"column":10}},{"start":{"line":15,"column":15},"end":{"line":15,"column":49}}],"line":15},"2":{"loc":{"start":{"line":37,"column":2},"end":{"line":40,"column":3}},"type":"if","locations":[{"start":{"line":37,"column":2},"end":{"line":40,"column":3}},{"start":{"line":37,"column":2},"end":{"line":40,"column":3}}],"line":37},"3":{"loc":{"start":{"line":50,"column":2},"end":{"line":61,"column":3}},"type":"if","locations":[{"start":{"line":50,"column":2},"end":{"line":61,"column":3}},{"start":{"line":50,"column":2},"end":{"line":61,"column":3}}],"line":50},"4":{"loc":{"start":{"line":70,"column":2},"end":{"line":82,"column":3}},"type":"if","locations":[{"start":{"line":70,"column":2},"end":{"line":82,"column":3}},{"start":{"line":70,"column":2},"end":{"line":82,"column":3}}],"line":70},"5":{"loc":{"start":{"line":91,"column":2},"end":{"line":110,"column":3}},"type":"if","locations":[{"start":{"line":91,"column":2},"end":{"line":110,"column":3}},{"start":{"line":91,"column":2},"end":{"line":110,"column":3}}],"line":91},"6":{"loc":{"start":{"line":92,"column":16},"end":{"line":92,"column":42}},"type":"binary-expr","locations":[{"start":{"line":92,"column":16},"end":{"line":92,"column":29}},{"start":{"line":92,"column":33},"end":{"line":92,"column":42}}],"line":92},"7":{"loc":{"start":{"line":93,"column":17},"end":{"line":93,"column":45}},"type":"binary-expr","locations":[{"start":{"line":93,"column":17},"end":{"line":93,"column":31}},{"start":{"line":93,"column":35},"end":{"line":93,"column":45}}],"line":93},"8":{"loc":{"start":{"line":94,"column":4},"end":{"line":96,"column":5}},"type":"if","locations":[{"start":{"line":94,"column":4},"end":{"line":96,"column":5}},{"start":{"line":94,"column":4},"end":{"line":96,"column":5}}],"line":94},"9":{"loc":{"start":{"line":127,"column":2},"end":{"line":133,"column":3}},"type":"if","locations":[{"start":{"line":127,"column":2},"end":{"line":133,"column":3}},{"start":{"line":127,"column":2},"end":{"line":133,"column":3}}],"line":127},"10":{"loc":{"start":{"line":142,"column":2},"end":{"line":147,"column":3}},"type":"if","locations":[{"start":{"line":142,"column":2},"end":{"line":147,"column":3}},{"start":{"line":142,"column":2},"end":{"line":147,"column":3}}],"line":142},"11":{"loc":{"start":{"line":156,"column":2},"end":{"line":172,"column":3}},"type":"if","locations":[{"start":{"line":156,"column":2},"end":{"line":172,"column":3}},{"start":{"line":156,"column":2},"end":{"line":172,"column":3}}],"line":156},"12":{"loc":{"start":{"line":157,"column":16},"end":{"line":157,"column":42}},"type":"binary-expr","locations":[{"start":{"line":157,"column":16},"end":{"line":157,"column":29}},{"start":{"line":157,"column":33},"end":{"line":157,"column":42}}],"line":157},"13":{"loc":{"start":{"line":158,"column":17},"end":{"line":158,"column":45}},"type":"binary-expr","locations":[{"start":{"line":158,"column":17},"end":{"line":158,"column":31}},{"start":{"line":158,"column":35},"end":{"line":158,"column":45}}],"line":158}},"s":{"0":1,"1":2,"2":2,"3":2,"4":2,"5":0,"6":0,"7":1,"8":0,"9":0,"10":0,"11":0,"12":0,"13":0,"14":0,"15":0,"16":0,"17":0,"18":1,"19":0,"20":0,"21":0,"22":0,"23":0,"24":1,"25":0,"26":0,"27":0,"28":0,"29":0,"30":0,"31":0,"32":0,"33":0,"34":0,"35":1,"36":0,"37":0,"38":1,"39":0,"40":0,"41":0,"42":0,"43":0,"44":0,"45":1,"46":0,"47":0,"48":0,"49":0,"50":0,"51":1,"52":0,"53":0,"54":0,"55":0,"56":0,"57":0,"58":0,"59":0},"f":{"0":2,"1":0,"2":0,"3":0,"4":0,"5":0,"6":0,"7":0},"b":{"0":[2,0],"1":[2,2],"2":[0,0],"3":[0,0],"4":[0,0],"5":[0,0],"6":[0,0],"7":[0,0],"8":[0,0],"9":[0,0],"10":[0,0],"11":[0,0],"12":[0,0],"13":[0,0]},"_coverageSchema":"1a1c01bbd47fc00a2c39e90264f33305004495a9","hash":"1e4d8d7ac81ce56c293ff1578e1f6d4516181aac"}
,"C:\\Users\\angel\\OneDrive\\Desktop\\PROJCOSC4353Editable\\backend\\middleware\\authMiddleware.js": {"path":"C:\\Users\\angel\\OneDrive\\Desktop\\PROJCOSC4353Editable\\backend\\middleware\\authMiddleware.js","statementMap":{"0":{"start":{"line":6,"column":16},"end":{"line":35,"column":2}},"1":{"start":{"line":9,"column":5},"end":{"line":9,"column":20}},"2":{"start":{"line":11,"column":4},"end":{"line":16,"column":5}},"3":{"start":{"line":15,"column":8},"end":{"line":15,"column":34}},"4":{"start":{"line":17,"column":8},"end":{"line":28,"column":9}},"5":{"start":{"line":18,"column":12},"end":{"line":18,"column":59}},"6":{"start":{"line":19,"column":28},"end":{"line":19,"column":69}},"7":{"start":{"line":20,"column":12},"end":{"line":20,"column":73}},"8":{"start":{"line":22,"column":12},"end":{"line":22,"column":18}},"9":{"start":{"line":23,"column":12},"end":{"line":23,"column":34}},"10":{"start":{"line":25,"column":12},"end":{"line":25,"column":32}},"11":{"start":{"line":26,"column":12},"end":{"line":26,"column":27}},"12":{"start":{"line":27,"column":12},"end":{"line":27,"column":59}},"13":{"start":{"line":31,"column":4},"end":{"line":34,"column":5}},"14":{"start":{"line":32,"column":8},"end":{"line":32,"column":23}},"15":{"start":{"line":33,"column":8},"end":{"line":33,"column":51}},"16":{"start":{"line":36,"column":14},"end":{"line":43,"column":3}},"17":{"start":{"line":37,"column":4},"end":{"line":42,"column":5}},"18":{"start":{"line":38,"column":6},"end":{"line":38,"column":12}},"19":{"start":{"line":40,"column":6},"end":{"line":40,"column":21}},"20":{"start":{"line":41,"column":6},"end":{"line":41,"column":51}}},"fnMap":{"0":{"name":"(anonymous_0)","decl":{"start":{"line":6,"column":29},"end":{"line":6,"column":30}},"loc":{"start":{"line":6,"column":52},"end":{"line":35,"column":1}},"line":6},"1":{"name":"(anonymous_1)","decl":{"start":{"line":36,"column":14},"end":{"line":36,"column":15}},"loc":{"start":{"line":36,"column":34},"end":{"line":43,"column":3}},"line":36}},"branchMap":{"0":{"loc":{"start":{"line":11,"column":4},"end":{"line":16,"column":5}},"type":"if","locations":[{"start":{"line":11,"column":4},"end":{"line":16,"column":5}},{"start":{"line":11,"column":4},"end":{"line":16,"column":5}}],"line":11},"1":{"loc":{"start":{"line":12,"column":8},"end":{"line":13,"column":54}},"type":"binary-expr","locations":[{"start":{"line":12,"column":8},"end":{"line":12,"column":33}},{"start":{"line":13,"column":8},"end":{"line":13,"column":54}}],"line":12},"2":{"loc":{"start":{"line":31,"column":4},"end":{"line":34,"column":5}},"type":"if","locations":[{"start":{"line":31,"column":4},"end":{"line":34,"column":5}},{"start":{"line":31,"column":4},"end":{"line":34,"column":5}}],"line":31},"3":{"loc":{"start":{"line":37,"column":4},"end":{"line":42,"column":5}},"type":"if","locations":[{"start":{"line":37,"column":4},"end":{"line":42,"column":5}},{"start":{"line":37,"column":4},"end":{"line":42,"column":5}}],"line":37},"4":{"loc":{"start":{"line":37,"column":8},"end":{"line":37,"column":36}},"type":"binary-expr","locations":[{"start":{"line":37,"column":8},"end":{"line":37,"column":16}},{"start":{"line":37,"column":20},"end":{"line":37,"column":36}}],"line":37}},"s":{"0":1,"1":1,"2":1,"3":1,"4":1,"5":1,"6":1,"7":1,"8":0,"9":0,"10":0,"11":0,"12":0,"13":0,"14":0,"15":0,"16":1,"17":0,"18":0,"19":0,"20":0},"f":{"0":1,"1":0},"b":{"0":[1,0],"1":[1,1],"2":[0,0],"3":[0,0],"4":[0,0]},"_coverageSchema":"1a1c01bbd47fc00a2c39e90264f33305004495a9","hash":"fd247a62a55f2b03ee45b6e3e6cdc6705ee8ea67"}
,"C:\\Users\\angel\\OneDrive\\Desktop\\PROJCOSC4353Editable\\backend\\middleware\\errorMiddleware.js": {"path":"C:\\Users\\angel\\OneDrive\\Desktop\\PROJCOSC4353Editable\\backend\\middleware\\errorMiddleware.js","statementMap":{"0":{"start":{"line":1,"column":17},"end":{"line":5,"column":1}},"1":{"start":{"line":2,"column":18},"end":{"line":2,"column":61}},"2":{"start":{"line":3,"column":4},"end":{"line":3,"column":19}},"3":{"start":{"line":4,"column":4},"end":{"line":4,"column":15}},"4":{"start":{"line":7,"column":21},"end":{"line":14,"column":1}},"5":{"start":{"line":8,"column":23},"end":{"line":8,"column":68}},"6":{"start":{"line":9,"column":4},"end":{"line":9,"column":26}},"7":{"start":{"line":10,"column":4},"end":{"line":13,"column":6}}},"fnMap":{"0":{"name":"(anonymous_0)","decl":{"start":{"line":1,"column":17},"end":{"line":1,"column":18}},"loc":{"start":{"line":1,"column":35},"end":{"line":5,"column":1}},"line":1},"1":{"name":"(anonymous_1)","decl":{"start":{"line":7,"column":21},"end":{"line":7,"column":22}},"loc":{"start":{"line":7,"column":43},"end":{"line":14,"column":1}},"line":7}},"branchMap":{"0":{"loc":{"start":{"line":8,"column":23},"end":{"line":8,"column":68}},"type":"cond-expr","locations":[{"start":{"line":8,"column":48},"end":{"line":8,"column":51}},{"start":{"line":8,"column":54},"end":{"line":8,"column":68}}],"line":8},"1":{"loc":{"start":{"line":12,"column":15},"end":{"line":12,"column":71}},"type":"cond-expr","locations":[{"start":{"line":12,"column":55},"end":{"line":12,"column":59}},{"start":{"line":12,"column":62},"end":{"line":12,"column":71}}],"line":12}},"s":{"0":1,"1":0,"2":0,"3":0,"4":1,"5":0,"6":0,"7":0},"f":{"0":0,"1":0},"b":{"0":[0,0],"1":[0,0]},"_coverageSchema":"1a1c01bbd47fc00a2c39e90264f33305004495a9","hash":"77ba7270514da4844df13d174e57fad8b665d7b9"}
,"C:\\Users\\angel\\OneDrive\\Desktop\\PROJCOSC4353Editable\\backend\\routes\\orderRoutes.js": {"path":"C:\\Users\\angel\\OneDrive\\Desktop\\PROJCOSC4353Editable\\backend\\routes\\orderRoutes.js","statementMap":{"0":{"start":{"line":2,"column":15},"end":{"line":2,"column":31}},"1":{"start":{"line":7,"column":0},"end":{"line":7,"column":77}},"2":{"start":{"line":8,"column":0},"end":{"line":8,"column":51}},"3":{"start":{"line":9,"column":0},"end":{"line":9,"column":47}},"4":{"start":{"line":10,"column":0},"end":{"line":10,"column":56}},"5":{"start":{"line":11,"column":0},"end":{"line":11,"column":72}}},"fnMap":{},"branchMap":{},"s":{"0":1,"1":1,"2":1,"3":1,"4":1,"5":1},"f":{},"b":{},"_coverageSchema":"1a1c01bbd47fc00a2c39e90264f33305004495a9","hash":"57ad45d5735348f5670f767fcbdcc6f4015d5918"}
,"C:\\Users\\angel\\OneDrive\\Desktop\\PROJCOSC4353Editable\\backend\\routes\\productRoutes.js": {"path":"C:\\Users\\angel\\OneDrive\\Desktop\\PROJCOSC4353Editable\\backend\\routes\\productRoutes.js","statementMap":{"0":{"start":{"line":2,"column":15},"end":{"line":2,"column":31}},"1":{"start":{"line":7,"column":0},"end":{"line":7,"column":70}},"2":{"start":{"line":8,"column":0},"end":{"line":8,"column":63}},"3":{"start":{"line":9,"column":0},"end":{"line":9,"column":34}},"4":{"start":{"line":10,"column":0},"end":{"line":10,"column":113}}},"fnMap":{},"branchMap":{},"s":{"0":1,"1":1,"2":1,"3":1,"4":1},"f":{},"b":{},"_coverageSchema":"1a1c01bbd47fc00a2c39e90264f33305004495a9","hash":"0a3a7cfb61dde615c5c1d2515d449b1e36011688"}
,"C:\\Users\\angel\\OneDrive\\Desktop\\PROJCOSC4353Editable\\backend\\routes\\uploadRoutes.js": {"path":"C:\\Users\\angel\\OneDrive\\Desktop\\PROJCOSC4353Editable\\backend\\routes\\uploadRoutes.js","statementMap":{"0":{"start":{"line":4,"column":15},"end":{"line":4,"column":31}},"1":{"start":{"line":6,"column":16},"end":{"line":16,"column":2}},"2":{"start":{"line":8,"column":4},"end":{"line":8,"column":24}},"3":{"start":{"line":11,"column":4},"end":{"line":14,"column":5}},"4":{"start":{"line":19,"column":20},"end":{"line":19,"column":34}},"5":{"start":{"line":20,"column":18},"end":{"line":20,"column":79}},"6":{"start":{"line":21,"column":19},"end":{"line":21,"column":48}},"7":{"start":{"line":23,"column":2},"end":{"line":27,"column":3}},"8":{"start":{"line":24,"column":4},"end":{"line":24,"column":25}},"9":{"start":{"line":26,"column":4},"end":{"line":26,"column":22}},"10":{"start":{"line":30,"column":15},"end":{"line":35,"column":2}},"11":{"start":{"line":33,"column":4},"end":{"line":33,"column":27}},"12":{"start":{"line":37,"column":0},"end":{"line":39,"column":2}},"13":{"start":{"line":38,"column":2},"end":{"line":38,"column":31}}},"fnMap":{"0":{"name":"(anonymous_0)","decl":{"start":{"line":7,"column":2},"end":{"line":7,"column":3}},"loc":{"start":{"line":7,"column":29},"end":{"line":9,"column":3}},"line":7},"1":{"name":"(anonymous_1)","decl":{"start":{"line":10,"column":2},"end":{"line":10,"column":3}},"loc":{"start":{"line":10,"column":26},"end":{"line":15,"column":3}},"line":10},"2":{"name":"checkFileType","decl":{"start":{"line":18,"column":9},"end":{"line":18,"column":22}},"loc":{"start":{"line":18,"column":33},"end":{"line":28,"column":1}},"line":18},"3":{"name":"(anonymous_3)","decl":{"start":{"line":32,"column":14},"end":{"line":32,"column":15}},"loc":{"start":{"line":32,"column":39},"end":{"line":34,"column":3}},"line":32},"4":{"name":"(anonymous_4)","decl":{"start":{"line":37,"column":41},"end":{"line":37,"column":42}},"loc":{"start":{"line":37,"column":55},"end":{"line":39,"column":1}},"line":37}},"branchMap":{"0":{"loc":{"start":{"line":23,"column":2},"end":{"line":27,"column":3}},"type":"if","locations":[{"start":{"line":23,"column":2},"end":{"line":27,"column":3}},{"start":{"line":23,"column":2},"end":{"line":27,"column":3}}],"line":23},"1":{"loc":{"start":{"line":23,"column":6},"end":{"line":23,"column":25}},"type":"binary-expr","locations":[{"start":{"line":23,"column":6},"end":{"line":23,"column":13}},{"start":{"line":23,"column":17},"end":{"line":23,"column":25}}],"line":23}},"s":{"0":1,"1":1,"2":0,"3":0,"4":0,"5":0,"6":0,"7":0,"8":0,"9":0,"10":1,"11":0,"12":1,"13":0},"f":{"0":0,"1":0,"2":0,"3":0,"4":0},"b":{"0":[0,0],"1":[0,0]},"_coverageSchema":"1a1c01bbd47fc00a2c39e90264f33305004495a9","hash":"2ca65fe2f4dcf32f2a5d447293f6dcfb4bae692b"}
,"C:\\Users\\angel\\OneDrive\\Desktop\\PROJCOSC4353Editable\\backend\\routes\\userRoutes.js": {"path":"C:\\Users\\angel\\OneDrive\\Desktop\\PROJCOSC4353Editable\\backend\\routes\\userRoutes.js","statementMap":{"0":{"start":{"line":2,"column":15},"end":{"line":2,"column":31}},"1":{"start":{"line":8,"column":0},"end":{"line":8,"column":66}},"2":{"start":{"line":9,"column":0},"end":{"line":9,"column":31}},"3":{"start":{"line":10,"column":0},"end":{"line":10,"column":85}},"4":{"start":{"line":11,"column":0},"end":{"line":11,"column":120}}},"fnMap":{},"branchMap":{},"s":{"0":1,"1":1,"2":1,"3":1,"4":1},"f":{},"b":{},"_coverageSchema":"1a1c01bbd47fc00a2c39e90264f33305004495a9","hash":"df3c83de56ecc4fdb93c231db37bc64f70c29112"}
}
